2025-07-29 14:41:26,482 [INFO] 因子回测流水线初始化完成
2025-07-29 14:41:26,482 [INFO] ============================================================
2025-07-29 14:41:26,482 [INFO] 开始批量回测
2025-07-29 14:41:26,482 [INFO] ============================================================
2025-07-29 14:41:26,482 [INFO] 使用预加载的因子数据 - 形状: (60, 5)
2025-07-29 14:41:26,482 [INFO] 将测试 5 种参数组合
2025-07-29 14:41:26,482 [INFO] 
[1/5] 测试组合: 无平滑
2025-07-29 14:41:26,482 [INFO] 检测文件格式: /Users/jinchengguo/QuantInternGF/factor_backtest_framework/quick_demo_data/demo_returns.csv.xz
2025-07-29 14:41:26,482 [INFO] 检测到.xz压缩格式
2025-07-29 14:41:26,483 [INFO] 数据加载成功 - 形状: (60, 6)
2025-07-29 14:41:26,483 [INFO] 开始因子评估...
2025-07-29 14:41:26,485 [INFO] 数据对齐完成 - 日期: 60, 股票: 5
2025-07-29 14:41:27,241 [INFO] IC计算完成 - ICIR: 0.3551, 平均RankIC: 0.1483
2025-07-29 14:41:27,242 [INFO] 数据对齐完成 - 日期: 60, 股票: 5
2025-07-29 14:41:27,242 [INFO] 分组收益计算完成 - 10组
2025-07-29 14:41:27,243 [INFO] 数据对齐完成 - 日期: 60, 股票: 5
2025-07-29 14:41:27,248 [INFO] 多空组合收益计算完成 - 年化收益: 0.0000
2025-07-29 14:41:27,249 [INFO] 数据对齐完成 - 日期: 60, 股票: 5
2025-07-29 14:41:27,252 [INFO] 多头超额收益计算完成 - 年化超额收益: 0.1727
2025-07-29 14:41:27,252 [INFO] 因子评估完成
2025-07-29 14:41:27,252 [INFO] ==================================================
2025-07-29 14:41:27,252 [INFO] 因子评估结果摘要
2025-07-29 14:41:27,252 [INFO] ==================================================
2025-07-29 14:41:27,252 [INFO] 数据期间: 2024-01-01 至 2024-02-29
2025-07-29 14:41:27,252 [INFO] ICIR: 0.3551  |  平均RankIC: 0.1483
2025-07-29 14:41:27,252 [INFO] 多空年化收益: 0.0000  |  超额年化收益: 0.1727
2025-07-29 14:41:27,252 [INFO] 多空换手率: 0.0000
2025-07-29 14:41:27,252 [INFO] 分组收益: 组1: 0.0000  |  组2: 0.0000  |  组3: 0.0000  |  组4: 0.0000  |  组5: 0.0000  |  组6: 0.0000  |  组7: 0.0000  |  组8: 0.0000  |  组9: 0.0000  |  组10: 0.0000
2025-07-29 14:41:27,252 [INFO] ==================================================
2025-07-29 14:41:27,252 [INFO] ICIR: 0.3551 | RankIC: 0.1483 | 多空收益: 0.0000 | 超额收益: 0.1727
2025-07-29 14:41:27,253 [INFO] 
[2/5] 测试组合: 5日均值
2025-07-29 14:41:27,253 [INFO] 滚动均值平滑完成 - 窗口: 5
2025-07-29 14:41:27,253 [INFO] 因子平滑完成 - 方法: ['rolling_mean']
2025-07-29 14:41:27,253 [INFO] 检测文件格式: /Users/jinchengguo/QuantInternGF/factor_backtest_framework/quick_demo_data/demo_returns.csv.xz
2025-07-29 14:41:27,253 [INFO] 检测到.xz压缩格式
2025-07-29 14:41:27,254 [INFO] 数据加载成功 - 形状: (60, 6)
2025-07-29 14:41:27,255 [INFO] 开始因子评估...
2025-07-29 14:41:27,255 [INFO] 数据对齐完成 - 日期: 60, 股票: 5
2025-07-29 14:41:27,280 [INFO] IC计算完成 - ICIR: -0.5761, 平均RankIC: -0.2817
2025-07-29 14:41:27,280 [INFO] 数据对齐完成 - 日期: 60, 股票: 5
2025-07-29 14:41:27,281 [INFO] 分组收益计算完成 - 10组
2025-07-29 14:41:27,281 [INFO] 数据对齐完成 - 日期: 60, 股票: 5
2025-07-29 14:41:27,285 [INFO] 多空组合收益计算完成 - 年化收益: 0.0000
2025-07-29 14:41:27,285 [INFO] 数据对齐完成 - 日期: 60, 股票: 5
2025-07-29 14:41:27,289 [INFO] 多头超额收益计算完成 - 年化超额收益: 0.1727
2025-07-29 14:41:27,289 [INFO] 因子评估完成
2025-07-29 14:41:27,289 [INFO] ==================================================
2025-07-29 14:41:27,290 [INFO] 因子评估结果摘要
2025-07-29 14:41:27,290 [INFO] ==================================================
2025-07-29 14:41:27,290 [INFO] 数据期间: 2024-01-01 至 2024-02-29
2025-07-29 14:41:27,290 [INFO] ICIR: -0.5761  |  平均RankIC: -0.2817
2025-07-29 14:41:27,290 [INFO] 多空年化收益: 0.0000  |  超额年化收益: 0.1727
2025-07-29 14:41:27,290 [INFO] 多空换手率: 0.0000
2025-07-29 14:41:27,290 [INFO] 分组收益: 组1: 0.0000  |  组2: 0.0000  |  组3: 0.0000  |  组4: 0.0000  |  组5: 0.0000  |  组6: 0.0000  |  组7: 0.0000  |  组8: 0.0000  |  组9: 0.0000  |  组10: 0.0000
2025-07-29 14:41:27,290 [INFO] ==================================================
2025-07-29 14:41:27,290 [INFO] ICIR: -0.5761 | RankIC: -0.2817 | 多空收益: 0.0000 | 超额收益: 0.1727
2025-07-29 14:41:27,290 [INFO] 
[3/5] 测试组合: 10日均值
2025-07-29 14:41:27,290 [INFO] 滚动均值平滑完成 - 窗口: 10
2025-07-29 14:41:27,290 [INFO] 因子平滑完成 - 方法: ['rolling_mean']
2025-07-29 14:41:27,290 [INFO] 检测文件格式: /Users/jinchengguo/QuantInternGF/factor_backtest_framework/quick_demo_data/demo_returns.csv.xz
2025-07-29 14:41:27,290 [INFO] 检测到.xz压缩格式
2025-07-29 14:41:27,291 [INFO] 数据加载成功 - 形状: (60, 6)
2025-07-29 14:41:27,292 [INFO] 开始因子评估...
2025-07-29 14:41:27,293 [INFO] 数据对齐完成 - 日期: 60, 股票: 5
2025-07-29 14:41:27,316 [INFO] IC计算完成 - ICIR: -0.3122, 平均RankIC: -0.1900
2025-07-29 14:41:27,317 [INFO] 数据对齐完成 - 日期: 60, 股票: 5
2025-07-29 14:41:27,317 [INFO] 分组收益计算完成 - 10组
2025-07-29 14:41:27,318 [INFO] 数据对齐完成 - 日期: 60, 股票: 5
2025-07-29 14:41:27,321 [INFO] 多空组合收益计算完成 - 年化收益: 0.0000
2025-07-29 14:41:27,322 [INFO] 数据对齐完成 - 日期: 60, 股票: 5
2025-07-29 14:41:27,326 [INFO] 多头超额收益计算完成 - 年化超额收益: 0.1727
2025-07-29 14:41:27,326 [INFO] 因子评估完成
2025-07-29 14:41:27,326 [INFO] ==================================================
2025-07-29 14:41:27,326 [INFO] 因子评估结果摘要
2025-07-29 14:41:27,326 [INFO] ==================================================
2025-07-29 14:41:27,326 [INFO] 数据期间: 2024-01-01 至 2024-02-29
2025-07-29 14:41:27,326 [INFO] ICIR: -0.3122  |  平均RankIC: -0.1900
2025-07-29 14:41:27,326 [INFO] 多空年化收益: 0.0000  |  超额年化收益: 0.1727
2025-07-29 14:41:27,326 [INFO] 多空换手率: 0.0000
2025-07-29 14:41:27,326 [INFO] 分组收益: 组1: 0.0000  |  组2: 0.0000  |  组3: 0.0000  |  组4: 0.0000  |  组5: 0.0000  |  组6: 0.0000  |  组7: 0.0000  |  组8: 0.0000  |  组9: 0.0000  |  组10: 0.0000
2025-07-29 14:41:27,326 [INFO] ==================================================
2025-07-29 14:41:27,326 [INFO] ICIR: -0.3122 | RankIC: -0.1900 | 多空收益: 0.0000 | 超额收益: 0.1727
2025-07-29 14:41:27,326 [INFO] 
[4/5] 测试组合: 5日均值+Z-score
2025-07-29 14:41:27,327 [INFO] 滚动均值平滑完成 - 窗口: 5
2025-07-29 14:41:27,327 [INFO] Z-score标准化完成 - 窗口: 20
2025-07-29 14:41:27,327 [INFO] 因子平滑完成 - 方法: ['rolling_mean', 'zscore']
2025-07-29 14:41:27,327 [INFO] 检测文件格式: /Users/jinchengguo/QuantInternGF/factor_backtest_framework/quick_demo_data/demo_returns.csv.xz
2025-07-29 14:41:27,327 [INFO] 检测到.xz压缩格式
2025-07-29 14:41:27,328 [INFO] 数据加载成功 - 形状: (60, 6)
2025-07-29 14:41:27,328 [INFO] 开始因子评估...
2025-07-29 14:41:27,329 [INFO] 数据对齐完成 - 日期: 60, 股票: 5
2025-07-29 14:41:27,350 [INFO] IC计算完成 - ICIR: -0.3555, 平均RankIC: -0.1763
2025-07-29 14:41:27,351 [INFO] 数据对齐完成 - 日期: 60, 股票: 5
2025-07-29 14:41:27,351 [INFO] 分组收益计算完成 - 10组
2025-07-29 14:41:27,352 [INFO] 数据对齐完成 - 日期: 60, 股票: 5
2025-07-29 14:41:27,355 [INFO] 多空组合收益计算完成 - 年化收益: 0.0000
2025-07-29 14:41:27,356 [INFO] 数据对齐完成 - 日期: 60, 股票: 5
2025-07-29 14:41:27,360 [INFO] 多头超额收益计算完成 - 年化超额收益: 0.1727
2025-07-29 14:41:27,360 [INFO] 因子评估完成
2025-07-29 14:41:27,360 [INFO] ==================================================
2025-07-29 14:41:27,360 [INFO] 因子评估结果摘要
2025-07-29 14:41:27,360 [INFO] ==================================================
2025-07-29 14:41:27,360 [INFO] 数据期间: 2024-01-01 至 2024-02-29
2025-07-29 14:41:27,360 [INFO] ICIR: -0.3555  |  平均RankIC: -0.1763
2025-07-29 14:41:27,360 [INFO] 多空年化收益: 0.0000  |  超额年化收益: 0.1727
2025-07-29 14:41:27,360 [INFO] 多空换手率: 0.0000
2025-07-29 14:41:27,360 [INFO] 分组收益: 组1: 0.0000  |  组2: 0.0000  |  组3: 0.0000  |  组4: 0.0000  |  组5: 0.0000  |  组6: 0.0000  |  组7: 0.0000  |  组8: 0.0000  |  组9: 0.0000  |  组10: 0.0000
2025-07-29 14:41:27,360 [INFO] ==================================================
2025-07-29 14:41:27,360 [INFO] ICIR: -0.3555 | RankIC: -0.1763 | 多空收益: 0.0000 | 超额收益: 0.1727
2025-07-29 14:41:27,360 [INFO] 
[5/5] 测试组合: EMA平滑
2025-07-29 14:41:27,360 [INFO] 指数移动平均完成 - alpha: 0.3
2025-07-29 14:41:27,360 [INFO] 因子平滑完成 - 方法: ['ema']
2025-07-29 14:41:27,360 [INFO] 检测文件格式: /Users/jinchengguo/QuantInternGF/factor_backtest_framework/quick_demo_data/demo_returns.csv.xz
2025-07-29 14:41:27,360 [INFO] 检测到.xz压缩格式
2025-07-29 14:41:27,361 [INFO] 数据加载成功 - 形状: (60, 6)
2025-07-29 14:41:27,362 [INFO] 开始因子评估...
2025-07-29 14:41:27,363 [INFO] 数据对齐完成 - 日期: 60, 股票: 5
2025-07-29 14:41:27,385 [INFO] IC计算完成 - ICIR: -0.4513, 平均RankIC: -0.1983
2025-07-29 14:41:27,386 [INFO] 数据对齐完成 - 日期: 60, 股票: 5
2025-07-29 14:41:27,386 [INFO] 分组收益计算完成 - 10组
2025-07-29 14:41:27,386 [INFO] 数据对齐完成 - 日期: 60, 股票: 5
2025-07-29 14:41:27,390 [INFO] 多空组合收益计算完成 - 年化收益: 0.0000
2025-07-29 14:41:27,391 [INFO] 数据对齐完成 - 日期: 60, 股票: 5
2025-07-29 14:41:27,395 [INFO] 多头超额收益计算完成 - 年化超额收益: 0.1727
2025-07-29 14:41:27,395 [INFO] 因子评估完成
2025-07-29 14:41:27,395 [INFO] ==================================================
2025-07-29 14:41:27,395 [INFO] 因子评估结果摘要
2025-07-29 14:41:27,395 [INFO] ==================================================
2025-07-29 14:41:27,395 [INFO] 数据期间: 2024-01-01 至 2024-02-29
2025-07-29 14:41:27,395 [INFO] ICIR: -0.4513  |  平均RankIC: -0.1983
2025-07-29 14:41:27,395 [INFO] 多空年化收益: 0.0000  |  超额年化收益: 0.1727
2025-07-29 14:41:27,395 [INFO] 多空换手率: 0.0000
2025-07-29 14:41:27,395 [INFO] 分组收益: 组1: 0.0000  |  组2: 0.0000  |  组3: 0.0000  |  组4: 0.0000  |  组5: 0.0000  |  组6: 0.0000  |  组7: 0.0000  |  组8: 0.0000  |  组9: 0.0000  |  组10: 0.0000
2025-07-29 14:41:27,395 [INFO] ==================================================
2025-07-29 14:41:27,395 [INFO] ICIR: -0.4513 | RankIC: -0.1983 | 多空收益: 0.0000 | 超额收益: 0.1727
2025-07-29 14:41:27,396 [INFO] 
============================================================
2025-07-29 14:41:27,396 [INFO] 批量回测结果汇总
2025-07-29 14:41:27,396 [INFO] ============================================================
2025-07-29 14:41:27,396 [INFO] 
参数组合对比:
2025-07-29 14:41:27,397 [INFO] [无平滑] ICIR: 0.3551 | RankIC: 0.1483 | 多空收益: 0.0000 | 超额收益: 0.1727
2025-07-29 14:41:27,397 [INFO] [5日均值] ICIR: -0.5761 | RankIC: -0.2817 | 多空收益: 0.0000 | 超额收益: 0.1727
2025-07-29 14:41:27,397 [INFO] [10日均值] ICIR: -0.3122 | RankIC: -0.1900 | 多空收益: 0.0000 | 超额收益: 0.1727
2025-07-29 14:41:27,397 [INFO] [5日均值+Z-score] ICIR: -0.3555 | RankIC: -0.1763 | 多空收益: 0.0000 | 超额收益: 0.1727
2025-07-29 14:41:27,397 [INFO] [EMA平滑] ICIR: -0.4513 | RankIC: -0.1983 | 多空收益: 0.0000 | 超额收益: 0.1727
2025-07-29 14:41:27,397 [INFO] 
🏆 最佳ICIR组合: 无平滑 (ICIR: 0.3551)
2025-07-29 14:41:27,397 [INFO] 🎯 最佳超额收益组合: 无平滑 (超额收益: 0.1727)
2025-07-29 14:41:27,397 [INFO] ============================================================
2025-07-29 14:44:29,763 [INFO] 因子回测流水线初始化完成
2025-07-29 14:44:29,763 [INFO] ============================================================
2025-07-29 14:44:29,763 [INFO] 开始批量回测
2025-07-29 14:44:29,764 [INFO] ============================================================
2025-07-29 14:44:29,764 [INFO] 使用预加载的因子数据 - 形状: (60, 5)
2025-07-29 14:44:29,764 [INFO] 将测试 5 种参数组合
2025-07-29 14:44:29,764 [INFO] 
[1/5] 测试组合: 无平滑
2025-07-29 14:44:29,764 [INFO] 检测文件格式: /Users/jinchengguo/QuantInternGF/factor_backtest_framework/quick_demo_data/demo_returns.csv.xz
2025-07-29 14:44:29,764 [INFO] 检测到.xz压缩格式
2025-07-29 14:44:29,765 [INFO] 数据加载成功 - 形状: (60, 6)
2025-07-29 14:44:29,765 [INFO] 开始因子评估...
2025-07-29 14:44:29,766 [INFO] 数据对齐完成 - 日期: 60, 股票: 5
2025-07-29 14:44:30,541 [INFO] IC计算完成 - ICIR: 0.3551, 平均RankIC: 0.1483
2025-07-29 14:44:30,542 [INFO] 数据对齐完成 - 日期: 60, 股票: 5
2025-07-29 14:44:30,543 [INFO] 分组收益计算完成 - 10组
2025-07-29 14:44:30,543 [INFO] 数据对齐完成 - 日期: 60, 股票: 5
2025-07-29 14:44:30,547 [INFO] 多空组合收益计算完成 - 年化收益: 0.0000
2025-07-29 14:44:30,548 [INFO] 数据对齐完成 - 日期: 60, 股票: 5
2025-07-29 14:44:30,552 [INFO] 多头超额收益计算完成 - 年化超额收益: 0.1727
2025-07-29 14:44:30,552 [INFO] 因子评估完成
2025-07-29 14:44:30,552 [INFO] ==================================================
2025-07-29 14:44:30,553 [INFO] 因子评估结果摘要
2025-07-29 14:44:30,553 [INFO] ==================================================
2025-07-29 14:44:30,553 [INFO] 数据期间: 2024-01-01 至 2024-02-29
2025-07-29 14:44:30,553 [INFO] ICIR: 0.3551  |  平均RankIC: 0.1483
2025-07-29 14:44:30,553 [INFO] 多空年化收益: 0.0000  |  超额年化收益: 0.1727
2025-07-29 14:44:30,553 [INFO] 多空换手率: 0.0000
2025-07-29 14:44:30,553 [INFO] 分组收益: 组1: 0.0000  |  组2: 0.0000  |  组3: 0.0000  |  组4: 0.0000  |  组5: 0.0000  |  组6: 0.0000  |  组7: 0.0000  |  组8: 0.0000  |  组9: 0.0000  |  组10: 0.0000
2025-07-29 14:44:30,553 [INFO] ==================================================
2025-07-29 14:44:30,553 [INFO] ICIR: 0.3551 | RankIC: 0.1483 | 多空收益: 0.0000 | 超额收益: 0.1727
2025-07-29 14:44:30,553 [INFO] 
[2/5] 测试组合: 5日均值
2025-07-29 14:44:30,554 [INFO] 滚动均值平滑完成 - 窗口: 5
2025-07-29 14:44:30,554 [INFO] 因子平滑完成 - 方法: ['rolling_mean']
2025-07-29 14:44:30,554 [INFO] 检测文件格式: /Users/jinchengguo/QuantInternGF/factor_backtest_framework/quick_demo_data/demo_returns.csv.xz
2025-07-29 14:44:30,554 [INFO] 检测到.xz压缩格式
2025-07-29 14:44:30,555 [INFO] 数据加载成功 - 形状: (60, 6)
2025-07-29 14:44:30,555 [INFO] 开始因子评估...
2025-07-29 14:44:30,556 [INFO] 数据对齐完成 - 日期: 60, 股票: 5
2025-07-29 14:44:30,579 [INFO] IC计算完成 - ICIR: -0.5761, 平均RankIC: -0.2817
2025-07-29 14:44:30,580 [INFO] 数据对齐完成 - 日期: 60, 股票: 5
2025-07-29 14:44:30,581 [INFO] 分组收益计算完成 - 10组
2025-07-29 14:44:30,581 [INFO] 数据对齐完成 - 日期: 60, 股票: 5
2025-07-29 14:44:30,585 [INFO] 多空组合收益计算完成 - 年化收益: 0.0000
2025-07-29 14:44:30,586 [INFO] 数据对齐完成 - 日期: 60, 股票: 5
2025-07-29 14:44:30,591 [INFO] 多头超额收益计算完成 - 年化超额收益: 0.1727
2025-07-29 14:44:30,591 [INFO] 因子评估完成
2025-07-29 14:44:30,592 [INFO] ==================================================
2025-07-29 14:44:30,592 [INFO] 因子评估结果摘要
2025-07-29 14:44:30,592 [INFO] ==================================================
2025-07-29 14:44:30,592 [INFO] 数据期间: 2024-01-01 至 2024-02-29
2025-07-29 14:44:30,592 [INFO] ICIR: -0.5761  |  平均RankIC: -0.2817
2025-07-29 14:44:30,592 [INFO] 多空年化收益: 0.0000  |  超额年化收益: 0.1727
2025-07-29 14:44:30,592 [INFO] 多空换手率: 0.0000
2025-07-29 14:44:30,592 [INFO] 分组收益: 组1: 0.0000  |  组2: 0.0000  |  组3: 0.0000  |  组4: 0.0000  |  组5: 0.0000  |  组6: 0.0000  |  组7: 0.0000  |  组8: 0.0000  |  组9: 0.0000  |  组10: 0.0000
2025-07-29 14:44:30,592 [INFO] ==================================================
2025-07-29 14:44:30,592 [INFO] ICIR: -0.5761 | RankIC: -0.2817 | 多空收益: 0.0000 | 超额收益: 0.1727
2025-07-29 14:44:30,592 [INFO] 
[3/5] 测试组合: 10日均值
2025-07-29 14:44:30,592 [INFO] 滚动均值平滑完成 - 窗口: 10
2025-07-29 14:44:30,592 [INFO] 因子平滑完成 - 方法: ['rolling_mean']
2025-07-29 14:44:30,592 [INFO] 检测文件格式: /Users/jinchengguo/QuantInternGF/factor_backtest_framework/quick_demo_data/demo_returns.csv.xz
2025-07-29 14:44:30,592 [INFO] 检测到.xz压缩格式
2025-07-29 14:44:30,593 [INFO] 数据加载成功 - 形状: (60, 6)
2025-07-29 14:44:30,594 [INFO] 开始因子评估...
2025-07-29 14:44:30,595 [INFO] 数据对齐完成 - 日期: 60, 股票: 5
2025-07-29 14:44:30,620 [INFO] IC计算完成 - ICIR: -0.3122, 平均RankIC: -0.1900
2025-07-29 14:44:30,621 [INFO] 数据对齐完成 - 日期: 60, 股票: 5
2025-07-29 14:44:30,621 [INFO] 分组收益计算完成 - 10组
2025-07-29 14:44:30,622 [INFO] 数据对齐完成 - 日期: 60, 股票: 5
2025-07-29 14:44:30,625 [INFO] 多空组合收益计算完成 - 年化收益: 0.0000
2025-07-29 14:44:30,626 [INFO] 数据对齐完成 - 日期: 60, 股票: 5
2025-07-29 14:44:30,630 [INFO] 多头超额收益计算完成 - 年化超额收益: 0.1727
2025-07-29 14:44:30,630 [INFO] 因子评估完成
2025-07-29 14:44:30,630 [INFO] ==================================================
2025-07-29 14:44:30,630 [INFO] 因子评估结果摘要
2025-07-29 14:44:30,631 [INFO] ==================================================
2025-07-29 14:44:30,631 [INFO] 数据期间: 2024-01-01 至 2024-02-29
2025-07-29 14:44:30,631 [INFO] ICIR: -0.3122  |  平均RankIC: -0.1900
2025-07-29 14:44:30,631 [INFO] 多空年化收益: 0.0000  |  超额年化收益: 0.1727
2025-07-29 14:44:30,631 [INFO] 多空换手率: 0.0000
2025-07-29 14:44:30,631 [INFO] 分组收益: 组1: 0.0000  |  组2: 0.0000  |  组3: 0.0000  |  组4: 0.0000  |  组5: 0.0000  |  组6: 0.0000  |  组7: 0.0000  |  组8: 0.0000  |  组9: 0.0000  |  组10: 0.0000
2025-07-29 14:44:30,631 [INFO] ==================================================
2025-07-29 14:44:30,631 [INFO] ICIR: -0.3122 | RankIC: -0.1900 | 多空收益: 0.0000 | 超额收益: 0.1727
2025-07-29 14:44:30,631 [INFO] 
[4/5] 测试组合: 5日均值+Z-score
2025-07-29 14:44:30,631 [INFO] 滚动均值平滑完成 - 窗口: 5
2025-07-29 14:44:30,632 [INFO] Z-score标准化完成 - 窗口: 20
2025-07-29 14:44:30,632 [INFO] 因子平滑完成 - 方法: ['rolling_mean', 'zscore']
2025-07-29 14:44:30,632 [INFO] 检测文件格式: /Users/jinchengguo/QuantInternGF/factor_backtest_framework/quick_demo_data/demo_returns.csv.xz
2025-07-29 14:44:30,632 [INFO] 检测到.xz压缩格式
2025-07-29 14:44:30,633 [INFO] 数据加载成功 - 形状: (60, 6)
2025-07-29 14:44:30,634 [INFO] 开始因子评估...
2025-07-29 14:44:30,634 [INFO] 数据对齐完成 - 日期: 60, 股票: 5
2025-07-29 14:44:30,657 [INFO] IC计算完成 - ICIR: -0.3555, 平均RankIC: -0.1763
2025-07-29 14:44:30,658 [INFO] 数据对齐完成 - 日期: 60, 股票: 5
2025-07-29 14:44:30,658 [INFO] 分组收益计算完成 - 10组
2025-07-29 14:44:30,659 [INFO] 数据对齐完成 - 日期: 60, 股票: 5
2025-07-29 14:44:30,662 [INFO] 多空组合收益计算完成 - 年化收益: 0.0000
2025-07-29 14:44:30,663 [INFO] 数据对齐完成 - 日期: 60, 股票: 5
2025-07-29 14:44:30,669 [INFO] 多头超额收益计算完成 - 年化超额收益: 0.1727
2025-07-29 14:44:30,669 [INFO] 因子评估完成
2025-07-29 14:44:30,669 [INFO] ==================================================
2025-07-29 14:44:30,669 [INFO] 因子评估结果摘要
2025-07-29 14:44:30,669 [INFO] ==================================================
2025-07-29 14:44:30,669 [INFO] 数据期间: 2024-01-01 至 2024-02-29
2025-07-29 14:44:30,669 [INFO] ICIR: -0.3555  |  平均RankIC: -0.1763
2025-07-29 14:44:30,669 [INFO] 多空年化收益: 0.0000  |  超额年化收益: 0.1727
2025-07-29 14:44:30,669 [INFO] 多空换手率: 0.0000
2025-07-29 14:44:30,669 [INFO] 分组收益: 组1: 0.0000  |  组2: 0.0000  |  组3: 0.0000  |  组4: 0.0000  |  组5: 0.0000  |  组6: 0.0000  |  组7: 0.0000  |  组8: 0.0000  |  组9: 0.0000  |  组10: 0.0000
2025-07-29 14:44:30,669 [INFO] ==================================================
2025-07-29 14:44:30,669 [INFO] ICIR: -0.3555 | RankIC: -0.1763 | 多空收益: 0.0000 | 超额收益: 0.1727
2025-07-29 14:44:30,669 [INFO] 
[5/5] 测试组合: EMA平滑
2025-07-29 14:44:30,669 [INFO] 指数移动平均完成 - alpha: 0.3
2025-07-29 14:44:30,669 [INFO] 因子平滑完成 - 方法: ['ema']
2025-07-29 14:44:30,669 [INFO] 检测文件格式: /Users/jinchengguo/QuantInternGF/factor_backtest_framework/quick_demo_data/demo_returns.csv.xz
2025-07-29 14:44:30,669 [INFO] 检测到.xz压缩格式
2025-07-29 14:44:30,670 [INFO] 数据加载成功 - 形状: (60, 6)
2025-07-29 14:44:30,671 [INFO] 开始因子评估...
2025-07-29 14:44:30,671 [INFO] 数据对齐完成 - 日期: 60, 股票: 5
2025-07-29 14:44:30,694 [INFO] IC计算完成 - ICIR: -0.4513, 平均RankIC: -0.1983
2025-07-29 14:44:30,695 [INFO] 数据对齐完成 - 日期: 60, 股票: 5
2025-07-29 14:44:30,696 [INFO] 分组收益计算完成 - 10组
2025-07-29 14:44:30,697 [INFO] 数据对齐完成 - 日期: 60, 股票: 5
2025-07-29 14:44:30,701 [INFO] 多空组合收益计算完成 - 年化收益: 0.0000
2025-07-29 14:44:30,702 [INFO] 数据对齐完成 - 日期: 60, 股票: 5
2025-07-29 14:44:30,705 [INFO] 多头超额收益计算完成 - 年化超额收益: 0.1727
2025-07-29 14:44:30,705 [INFO] 因子评估完成
2025-07-29 14:44:30,705 [INFO] ==================================================
2025-07-29 14:44:30,705 [INFO] 因子评估结果摘要
2025-07-29 14:44:30,705 [INFO] ==================================================
2025-07-29 14:44:30,705 [INFO] 数据期间: 2024-01-01 至 2024-02-29
2025-07-29 14:44:30,705 [INFO] ICIR: -0.4513  |  平均RankIC: -0.1983
2025-07-29 14:44:30,705 [INFO] 多空年化收益: 0.0000  |  超额年化收益: 0.1727
2025-07-29 14:44:30,705 [INFO] 多空换手率: 0.0000
2025-07-29 14:44:30,705 [INFO] 分组收益: 组1: 0.0000  |  组2: 0.0000  |  组3: 0.0000  |  组4: 0.0000  |  组5: 0.0000  |  组6: 0.0000  |  组7: 0.0000  |  组8: 0.0000  |  组9: 0.0000  |  组10: 0.0000
2025-07-29 14:44:30,705 [INFO] ==================================================
2025-07-29 14:44:30,705 [INFO] ICIR: -0.4513 | RankIC: -0.1983 | 多空收益: 0.0000 | 超额收益: 0.1727
2025-07-29 14:44:30,706 [INFO] 
============================================================
2025-07-29 14:44:30,706 [INFO] 批量回测结果汇总
2025-07-29 14:44:30,706 [INFO] ============================================================
2025-07-29 14:44:30,706 [INFO] 
参数组合对比:
2025-07-29 14:44:30,706 [INFO] [无平滑] ICIR: 0.3551 | RankIC: 0.1483 | 多空收益: 0.0000 | 超额收益: 0.1727
2025-07-29 14:44:30,706 [INFO] [5日均值] ICIR: -0.5761 | RankIC: -0.2817 | 多空收益: 0.0000 | 超额收益: 0.1727
2025-07-29 14:44:30,707 [INFO] [10日均值] ICIR: -0.3122 | RankIC: -0.1900 | 多空收益: 0.0000 | 超额收益: 0.1727
2025-07-29 14:44:30,707 [INFO] [5日均值+Z-score] ICIR: -0.3555 | RankIC: -0.1763 | 多空收益: 0.0000 | 超额收益: 0.1727
2025-07-29 14:44:30,707 [INFO] [EMA平滑] ICIR: -0.4513 | RankIC: -0.1983 | 多空收益: 0.0000 | 超额收益: 0.1727
2025-07-29 14:44:30,707 [INFO] 
🏆 最佳ICIR组合: 无平滑 (ICIR: 0.3551)
2025-07-29 14:44:30,707 [INFO] 🎯 最佳超额收益组合: 无平滑 (超额收益: 0.1727)
2025-07-29 14:44:30,707 [INFO] ============================================================
2025-07-29 14:48:27,077 [INFO] 因子回测流水线初始化完成
2025-07-29 14:48:27,077 [INFO] ============================================================
2025-07-29 14:48:27,077 [INFO] 开始批量回测
2025-07-29 14:48:27,077 [INFO] ============================================================
2025-07-29 14:48:27,077 [INFO] 使用预加载的因子数据 - 形状: (60, 5)
2025-07-29 14:48:27,077 [INFO] 将测试 5 种参数组合
2025-07-29 14:48:27,077 [INFO] 
[1/5] 测试组合: 无平滑
2025-07-29 14:48:27,078 [INFO] 检测文件格式: /Users/jinchengguo/QuantInternGF/factor_backtest_framework/quick_demo_data/demo_returns.csv.xz
2025-07-29 14:48:27,078 [INFO] 检测到.xz压缩格式
2025-07-29 14:48:27,079 [INFO] 数据加载成功 - 形状: (60, 6)
2025-07-29 14:48:27,079 [INFO] 开始因子评估...
2025-07-29 14:48:27,080 [INFO] 数据对齐完成 - 日期: 60, 股票: 5
2025-07-29 14:48:27,794 [INFO] IC计算完成 - ICIR: 0.3551, 平均RankIC: 0.1483
2025-07-29 14:48:27,795 [INFO] 数据对齐完成 - 日期: 60, 股票: 5
2025-07-29 14:48:27,795 [INFO] 分组收益计算完成 - 10组
2025-07-29 14:48:27,796 [INFO] 数据对齐完成 - 日期: 60, 股票: 5
2025-07-29 14:48:27,801 [INFO] 多空组合收益计算完成 - 年化收益: 0.0000
2025-07-29 14:48:27,801 [INFO] 数据对齐完成 - 日期: 60, 股票: 5
2025-07-29 14:48:27,806 [INFO] 多头超额收益计算完成 - 年化超额收益: 0.1727
2025-07-29 14:48:27,807 [INFO] 因子评估完成
2025-07-29 14:48:27,807 [INFO] ==================================================
2025-07-29 14:48:27,807 [INFO] 因子评估结果摘要
2025-07-29 14:48:27,807 [INFO] ==================================================
2025-07-29 14:48:27,807 [INFO] 数据期间: 2024-01-01 至 2024-02-29
2025-07-29 14:48:27,807 [INFO] ICIR: 0.3551  |  平均RankIC: 0.1483
2025-07-29 14:48:27,807 [INFO] 多空年化收益: 0.0000  |  超额年化收益: 0.1727
2025-07-29 14:48:27,807 [INFO] 多空换手率: 0.0000
2025-07-29 14:48:27,807 [INFO] 分组收益: 组1: 0.0000  |  组2: 0.0000  |  组3: 0.0000  |  组4: 0.0000  |  组5: 0.0000  |  组6: 0.0000  |  组7: 0.0000  |  组8: 0.0000  |  组9: 0.0000  |  组10: 0.0000
2025-07-29 14:48:27,807 [INFO] ==================================================
2025-07-29 14:48:27,807 [INFO] ICIR: 0.3551 | RankIC: 0.1483 | 多空收益: 0.0000 | 超额收益: 0.1727
2025-07-29 14:48:27,807 [INFO] 
[2/5] 测试组合: 5日均值
2025-07-29 14:48:27,808 [INFO] 滚动均值平滑完成 - 窗口: 5
2025-07-29 14:48:27,808 [INFO] 因子平滑完成 - 方法: ['rolling_mean']
2025-07-29 14:48:27,808 [INFO] 检测文件格式: /Users/jinchengguo/QuantInternGF/factor_backtest_framework/quick_demo_data/demo_returns.csv.xz
2025-07-29 14:48:27,808 [INFO] 检测到.xz压缩格式
2025-07-29 14:48:27,810 [INFO] 数据加载成功 - 形状: (60, 6)
2025-07-29 14:48:27,811 [INFO] 开始因子评估...
2025-07-29 14:48:27,811 [INFO] 数据对齐完成 - 日期: 60, 股票: 5
2025-07-29 14:48:27,833 [INFO] IC计算完成 - ICIR: -0.5761, 平均RankIC: -0.2817
2025-07-29 14:48:27,835 [INFO] 数据对齐完成 - 日期: 60, 股票: 5
2025-07-29 14:48:27,835 [INFO] 分组收益计算完成 - 10组
2025-07-29 14:48:27,836 [INFO] 数据对齐完成 - 日期: 60, 股票: 5
2025-07-29 14:48:27,841 [INFO] 多空组合收益计算完成 - 年化收益: 0.0000
2025-07-29 14:48:27,842 [INFO] 数据对齐完成 - 日期: 60, 股票: 5
2025-07-29 14:48:27,845 [INFO] 多头超额收益计算完成 - 年化超额收益: 0.1727
2025-07-29 14:48:27,845 [INFO] 因子评估完成
2025-07-29 14:48:27,845 [INFO] ==================================================
2025-07-29 14:48:27,845 [INFO] 因子评估结果摘要
2025-07-29 14:48:27,845 [INFO] ==================================================
2025-07-29 14:48:27,845 [INFO] 数据期间: 2024-01-01 至 2024-02-29
2025-07-29 14:48:27,845 [INFO] ICIR: -0.5761  |  平均RankIC: -0.2817
2025-07-29 14:48:27,845 [INFO] 多空年化收益: 0.0000  |  超额年化收益: 0.1727
2025-07-29 14:48:27,845 [INFO] 多空换手率: 0.0000
2025-07-29 14:48:27,845 [INFO] 分组收益: 组1: 0.0000  |  组2: 0.0000  |  组3: 0.0000  |  组4: 0.0000  |  组5: 0.0000  |  组6: 0.0000  |  组7: 0.0000  |  组8: 0.0000  |  组9: 0.0000  |  组10: 0.0000
2025-07-29 14:48:27,845 [INFO] ==================================================
2025-07-29 14:48:27,845 [INFO] ICIR: -0.5761 | RankIC: -0.2817 | 多空收益: 0.0000 | 超额收益: 0.1727
2025-07-29 14:48:27,845 [INFO] 
[3/5] 测试组合: 10日均值
2025-07-29 14:48:27,846 [INFO] 滚动均值平滑完成 - 窗口: 10
2025-07-29 14:48:27,846 [INFO] 因子平滑完成 - 方法: ['rolling_mean']
2025-07-29 14:48:27,846 [INFO] 检测文件格式: /Users/jinchengguo/QuantInternGF/factor_backtest_framework/quick_demo_data/demo_returns.csv.xz
2025-07-29 14:48:27,846 [INFO] 检测到.xz压缩格式
2025-07-29 14:48:27,847 [INFO] 数据加载成功 - 形状: (60, 6)
2025-07-29 14:48:27,847 [INFO] 开始因子评估...
2025-07-29 14:48:27,848 [INFO] 数据对齐完成 - 日期: 60, 股票: 5
2025-07-29 14:48:27,869 [INFO] IC计算完成 - ICIR: -0.3122, 平均RankIC: -0.1900
2025-07-29 14:48:27,869 [INFO] 数据对齐完成 - 日期: 60, 股票: 5
2025-07-29 14:48:27,870 [INFO] 分组收益计算完成 - 10组
2025-07-29 14:48:27,870 [INFO] 数据对齐完成 - 日期: 60, 股票: 5
2025-07-29 14:48:27,874 [INFO] 多空组合收益计算完成 - 年化收益: 0.0000
2025-07-29 14:48:27,875 [INFO] 数据对齐完成 - 日期: 60, 股票: 5
2025-07-29 14:48:27,878 [INFO] 多头超额收益计算完成 - 年化超额收益: 0.1727
2025-07-29 14:48:27,878 [INFO] 因子评估完成
2025-07-29 14:48:27,878 [INFO] ==================================================
2025-07-29 14:48:27,878 [INFO] 因子评估结果摘要
2025-07-29 14:48:27,878 [INFO] ==================================================
2025-07-29 14:48:27,878 [INFO] 数据期间: 2024-01-01 至 2024-02-29
2025-07-29 14:48:27,878 [INFO] ICIR: -0.3122  |  平均RankIC: -0.1900
2025-07-29 14:48:27,878 [INFO] 多空年化收益: 0.0000  |  超额年化收益: 0.1727
2025-07-29 14:48:27,878 [INFO] 多空换手率: 0.0000
2025-07-29 14:48:27,878 [INFO] 分组收益: 组1: 0.0000  |  组2: 0.0000  |  组3: 0.0000  |  组4: 0.0000  |  组5: 0.0000  |  组6: 0.0000  |  组7: 0.0000  |  组8: 0.0000  |  组9: 0.0000  |  组10: 0.0000
2025-07-29 14:48:27,878 [INFO] ==================================================
2025-07-29 14:48:27,878 [INFO] ICIR: -0.3122 | RankIC: -0.1900 | 多空收益: 0.0000 | 超额收益: 0.1727
2025-07-29 14:48:27,878 [INFO] 
[4/5] 测试组合: 5日均值+Z-score
2025-07-29 14:48:27,879 [INFO] 滚动均值平滑完成 - 窗口: 5
2025-07-29 14:48:27,879 [INFO] Z-score标准化完成 - 窗口: 20
2025-07-29 14:48:27,879 [INFO] 因子平滑完成 - 方法: ['rolling_mean', 'zscore']
2025-07-29 14:48:27,879 [INFO] 检测文件格式: /Users/jinchengguo/QuantInternGF/factor_backtest_framework/quick_demo_data/demo_returns.csv.xz
2025-07-29 14:48:27,879 [INFO] 检测到.xz压缩格式
2025-07-29 14:48:27,880 [INFO] 数据加载成功 - 形状: (60, 6)
2025-07-29 14:48:27,880 [INFO] 开始因子评估...
2025-07-29 14:48:27,881 [INFO] 数据对齐完成 - 日期: 60, 股票: 5
2025-07-29 14:48:27,902 [INFO] IC计算完成 - ICIR: -0.3555, 平均RankIC: -0.1763
2025-07-29 14:48:27,902 [INFO] 数据对齐完成 - 日期: 60, 股票: 5
2025-07-29 14:48:27,903 [INFO] 分组收益计算完成 - 10组
2025-07-29 14:48:27,904 [INFO] 数据对齐完成 - 日期: 60, 股票: 5
2025-07-29 14:48:27,909 [INFO] 多空组合收益计算完成 - 年化收益: 0.0000
2025-07-29 14:48:27,909 [INFO] 数据对齐完成 - 日期: 60, 股票: 5
2025-07-29 14:48:27,912 [INFO] 多头超额收益计算完成 - 年化超额收益: 0.1727
2025-07-29 14:48:27,912 [INFO] 因子评估完成
2025-07-29 14:48:27,912 [INFO] ==================================================
2025-07-29 14:48:27,913 [INFO] 因子评估结果摘要
2025-07-29 14:48:27,913 [INFO] ==================================================
2025-07-29 14:48:27,913 [INFO] 数据期间: 2024-01-01 至 2024-02-29
2025-07-29 14:48:27,913 [INFO] ICIR: -0.3555  |  平均RankIC: -0.1763
2025-07-29 14:48:27,913 [INFO] 多空年化收益: 0.0000  |  超额年化收益: 0.1727
2025-07-29 14:48:27,913 [INFO] 多空换手率: 0.0000
2025-07-29 14:48:27,913 [INFO] 分组收益: 组1: 0.0000  |  组2: 0.0000  |  组3: 0.0000  |  组4: 0.0000  |  组5: 0.0000  |  组6: 0.0000  |  组7: 0.0000  |  组8: 0.0000  |  组9: 0.0000  |  组10: 0.0000
2025-07-29 14:48:27,913 [INFO] ==================================================
2025-07-29 14:48:27,913 [INFO] ICIR: -0.3555 | RankIC: -0.1763 | 多空收益: 0.0000 | 超额收益: 0.1727
2025-07-29 14:48:27,913 [INFO] 
[5/5] 测试组合: EMA平滑
2025-07-29 14:48:27,913 [INFO] 指数移动平均完成 - alpha: 0.3
2025-07-29 14:48:27,913 [INFO] 因子平滑完成 - 方法: ['ema']
2025-07-29 14:48:27,913 [INFO] 检测文件格式: /Users/jinchengguo/QuantInternGF/factor_backtest_framework/quick_demo_data/demo_returns.csv.xz
2025-07-29 14:48:27,913 [INFO] 检测到.xz压缩格式
2025-07-29 14:48:27,914 [INFO] 数据加载成功 - 形状: (60, 6)
2025-07-29 14:48:27,915 [INFO] 开始因子评估...
2025-07-29 14:48:27,915 [INFO] 数据对齐完成 - 日期: 60, 股票: 5
2025-07-29 14:48:27,937 [INFO] IC计算完成 - ICIR: -0.4513, 平均RankIC: -0.1983
2025-07-29 14:48:27,938 [INFO] 数据对齐完成 - 日期: 60, 股票: 5
2025-07-29 14:48:27,939 [INFO] 分组收益计算完成 - 10组
2025-07-29 14:48:27,939 [INFO] 数据对齐完成 - 日期: 60, 股票: 5
2025-07-29 14:48:27,944 [INFO] 多空组合收益计算完成 - 年化收益: 0.0000
2025-07-29 14:48:27,944 [INFO] 数据对齐完成 - 日期: 60, 股票: 5
2025-07-29 14:48:27,948 [INFO] 多头超额收益计算完成 - 年化超额收益: 0.1727
2025-07-29 14:48:27,948 [INFO] 因子评估完成
2025-07-29 14:48:27,948 [INFO] ==================================================
2025-07-29 14:48:27,948 [INFO] 因子评估结果摘要
2025-07-29 14:48:27,948 [INFO] ==================================================
2025-07-29 14:48:27,948 [INFO] 数据期间: 2024-01-01 至 2024-02-29
2025-07-29 14:48:27,948 [INFO] ICIR: -0.4513  |  平均RankIC: -0.1983
2025-07-29 14:48:27,948 [INFO] 多空年化收益: 0.0000  |  超额年化收益: 0.1727
2025-07-29 14:48:27,948 [INFO] 多空换手率: 0.0000
2025-07-29 14:48:27,948 [INFO] 分组收益: 组1: 0.0000  |  组2: 0.0000  |  组3: 0.0000  |  组4: 0.0000  |  组5: 0.0000  |  组6: 0.0000  |  组7: 0.0000  |  组8: 0.0000  |  组9: 0.0000  |  组10: 0.0000
2025-07-29 14:48:27,948 [INFO] ==================================================
2025-07-29 14:48:27,948 [INFO] ICIR: -0.4513 | RankIC: -0.1983 | 多空收益: 0.0000 | 超额收益: 0.1727
2025-07-29 14:48:27,949 [INFO] 
============================================================
2025-07-29 14:48:27,949 [INFO] 批量回测结果汇总
2025-07-29 14:48:27,949 [INFO] ============================================================
2025-07-29 14:48:27,949 [INFO] 
参数组合对比:
2025-07-29 14:48:27,949 [INFO] [无平滑] ICIR: 0.3551 | RankIC: 0.1483 | 多空收益: 0.0000 | 超额收益: 0.1727
2025-07-29 14:48:27,949 [INFO] [5日均值] ICIR: -0.5761 | RankIC: -0.2817 | 多空收益: 0.0000 | 超额收益: 0.1727
2025-07-29 14:48:27,949 [INFO] [10日均值] ICIR: -0.3122 | RankIC: -0.1900 | 多空收益: 0.0000 | 超额收益: 0.1727
2025-07-29 14:48:27,949 [INFO] [5日均值+Z-score] ICIR: -0.3555 | RankIC: -0.1763 | 多空收益: 0.0000 | 超额收益: 0.1727
2025-07-29 14:48:27,949 [INFO] [EMA平滑] ICIR: -0.4513 | RankIC: -0.1983 | 多空收益: 0.0000 | 超额收益: 0.1727
2025-07-29 14:48:27,949 [INFO] 
🏆 最佳ICIR组合: 无平滑 (ICIR: 0.3551)
2025-07-29 14:48:27,949 [INFO] 🎯 最佳超额收益组合: 无平滑 (超额收益: 0.1727)
2025-07-29 14:48:27,949 [INFO] ============================================================
